(---------------------------------------------------------------------)
(                                                                     )
(    Dump Library Log                                                 )
(                                                                     )
(    Software Version : 17.4S039                                      )
(    Date/Time        : Sun Feb 15 04:59:21 2026                      )
(                                                                     )
(---------------------------------------------------------------------)


*** file: F:/Projects/PCB/Library/ComponentLibrary/allegro/unnamed.brd ***



  *** Creating all device files (see create_devices.log) ***


  *** Creating padstacks. ***

  SMD_R315X340S2 being dumped.

  SMD_R318X340S2 being dumped.

  SMD_R446X542S2 being dumped.

  SMD_R469X680P2S2 being dumped.


  *** Creating package symbols (.dra and .psm) ***

  f0603 being dumped.

  f1206 being dumped.

  l0603 being dumped.

  l0805 being dumped.



*********************** Summary *********************
ERRORs reported:                           0

Number of padstacks dumped:                4
Number of package symbols dumped:          4

Total number of symbols dumped:            4
*****************************************************

